[2024-06-22 14:52:25 +0000] [28313] [INFO] Starting gunicorn 22.0.0
[2024-06-22 14:52:25 +0000] [28313] [INFO] Listening at: http://127.0.0.1:8001 (28313)
[2024-06-22 14:52:25 +0000] [28313] [INFO] Using worker: sync
[2024-06-22 14:52:25 +0000] [28333] [INFO] Booting worker with pid: 28333
[2024-06-22 14:52:25 +0000] [28334] [INFO] Booting worker with pid: 28334
[2024-06-22 14:52:25 +0000] [28335] [INFO] Booting worker with pid: 28335
[2024-06-22 14:52:26 +0000] [28337] [INFO] Booting worker with pid: 28337
[2024-06-22 14:52:26 +0000] [28338] [INFO] Booting worker with pid: 28338
[2024-06-22 14:52:26 +0000] [28339] [INFO] Booting worker with pid: 28339
[2024-06-22 14:52:26 +0000] [28340] [INFO] Booting worker with pid: 28340
[2024-06-22 14:52:26 +0000] [28341] [INFO] Booting worker with pid: 28341
[2024-06-22 14:52:26 +0000] [28342] [INFO] Booting worker with pid: 28342
[2024-06-22 14:53:35 +0000] [28313] [CRITICAL] WORKER TIMEOUT (pid:28341)
[2024-06-22 14:53:35 +0000] [28341] [ERROR] Error handling request (no URI read)
Traceback (most recent call last):
  File "/home/dev/app/Django-Ideal-Template/venv/lib/python3.12/site-packages/gunicorn/workers/sync.py", line 134, in handle
    req = next(parser)
          ^^^^^^^^^^^^
  File "/home/dev/app/Django-Ideal-Template/venv/lib/python3.12/site-packages/gunicorn/http/parser.py", line 42, in __next__
    self.mesg = self.mesg_class(self.cfg, self.unreader, self.source_addr, self.req_count)
                ^^^^^^^^^^^^^^^^^^^^^^^^^^^^^^^^^^^^^^^^^^^^^^^^^^^^^^^^^^^^^^^^^^^^^^^^^^
  File "/home/dev/app/Django-Ideal-Template/venv/lib/python3.12/site-packages/gunicorn/http/message.py", line 257, in __init__
    super().__init__(cfg, unreader, peer_addr)
  File "/home/dev/app/Django-Ideal-Template/venv/lib/python3.12/site-packages/gunicorn/http/message.py", line 60, in __init__
    unused = self.parse(self.unreader)
             ^^^^^^^^^^^^^^^^^^^^^^^^^
  File "/home/dev/app/Django-Ideal-Template/venv/lib/python3.12/site-packages/gunicorn/http/message.py", line 269, in parse
    self.get_data(unreader, buf, stop=True)
  File "/home/dev/app/Django-Ideal-Template/venv/lib/python3.12/site-packages/gunicorn/http/message.py", line 260, in get_data
    data = unreader.read()
           ^^^^^^^^^^^^^^^
  File "/home/dev/app/Django-Ideal-Template/venv/lib/python3.12/site-packages/gunicorn/http/unreader.py", line 37, in read
    d = self.chunk()
        ^^^^^^^^^^^^
  File "/home/dev/app/Django-Ideal-Template/venv/lib/python3.12/site-packages/gunicorn/http/unreader.py", line 64, in chunk
    return self.sock.recv(self.mxchunk)
           ^^^^^^^^^^^^^^^^^^^^^^^^^^^^
  File "/home/dev/app/Django-Ideal-Template/venv/lib/python3.12/site-packages/gunicorn/workers/base.py", line 203, in handle_abort
    sys.exit(1)
SystemExit: 1
[2024-06-22 14:53:35 +0000] [28341] [INFO] Worker exiting (pid: 28341)
[2024-06-22 14:53:35 +0000] [28523] [INFO] Booting worker with pid: 28523
[2024-06-22 15:46:20 +0000] [28334] [INFO] Worker exiting (pid: 28334)
[2024-06-22 15:46:20 +0000] [28313] [INFO] Handling signal: term
[2024-06-22 15:46:21 +0000] [28313] [ERROR] Worker (pid:28333) was sent SIGHUP!
[2024-06-22 15:46:21 +0000] [28313] [ERROR] Worker (pid:28337) was sent SIGHUP!
[2024-06-22 15:46:21 +0000] [28313] [ERROR] Worker (pid:28339) was sent SIGHUP!
[2024-06-22 15:46:21 +0000] [28313] [ERROR] Worker (pid:28340) was sent SIGHUP!
[2024-06-22 15:46:21 +0000] [28313] [ERROR] Worker (pid:28523) was sent SIGHUP!
[2024-06-22 15:46:21 +0000] [28313] [ERROR] Worker (pid:28342) was sent SIGHUP!
[2024-06-22 15:46:21 +0000] [28313] [ERROR] Worker (pid:28338) was sent SIGHUP!
[2024-06-22 15:46:21 +0000] [28313] [ERROR] Worker (pid:28334) was sent SIGHUP!
[2024-06-22 15:46:21 +0000] [28313] [ERROR] Worker (pid:28335) was sent SIGHUP!
[2024-06-22 15:46:21 +0000] [28313] [INFO] Shutting down: Master
[2024-06-22 15:55:10 +0000] [9823] [INFO] Starting gunicorn 22.0.0
[2024-06-22 15:55:10 +0000] [9823] [INFO] Listening at: http://127.0.0.1:8001 (9823)
[2024-06-22 15:55:10 +0000] [9823] [INFO] Using worker: sync
[2024-06-22 15:55:10 +0000] [9846] [INFO] Booting worker with pid: 9846
[2024-06-22 15:55:10 +0000] [9847] [INFO] Booting worker with pid: 9847
[2024-06-22 15:55:10 +0000] [9848] [INFO] Booting worker with pid: 9848
[2024-06-22 15:55:10 +0000] [9849] [INFO] Booting worker with pid: 9849
[2024-06-22 15:55:10 +0000] [9850] [INFO] Booting worker with pid: 9850
[2024-06-22 15:55:10 +0000] [9853] [INFO] Booting worker with pid: 9853
[2024-06-22 15:55:10 +0000] [9856] [INFO] Booting worker with pid: 9856
[2024-06-22 15:55:10 +0000] [9857] [INFO] Booting worker with pid: 9857
[2024-06-22 15:55:10 +0000] [9858] [INFO] Booting worker with pid: 9858
[2024-06-22 15:56:54 +0000] [9823] [INFO] Handling signal: hup
[2024-06-22 15:56:54 +0000] [9823] [INFO] Hang up: Master
[2024-06-22 15:56:55 +0000] [9823] [ERROR] Worker (pid:9853) was sent SIGHUP!
[2024-06-22 15:56:55 +0000] [9823] [ERROR] Worker (pid:9857) was sent SIGHUP!
[2024-06-22 15:56:55 +0000] [9823] [ERROR] Worker (pid:9856) was sent SIGHUP!
[2024-06-22 15:56:55 +0000] [9823] [ERROR] Worker (pid:9850) was sent SIGHUP!
[2024-06-22 15:56:55 +0000] [9823] [ERROR] Worker (pid:9858) was sent SIGHUP!
[2024-06-22 15:56:55 +0000] [9823] [ERROR] Worker (pid:9847) was sent SIGHUP!
[2024-06-22 15:56:55 +0000] [9823] [ERROR] Worker (pid:9846) was sent SIGHUP!
[2024-06-22 15:56:55 +0000] [9823] [ERROR] Worker (pid:9849) was sent SIGHUP!
[2024-06-22 15:56:55 +0000] [9823] [ERROR] Worker (pid:9848) was sent SIGHUP!
[2024-06-22 15:56:55 +0000] [10658] [INFO] Booting worker with pid: 10658
[2024-06-22 15:56:55 +0000] [10659] [INFO] Booting worker with pid: 10659
[2024-06-22 15:56:55 +0000] [10660] [INFO] Booting worker with pid: 10660
[2024-06-22 15:56:55 +0000] [10661] [INFO] Booting worker with pid: 10661
[2024-06-22 15:56:55 +0000] [10663] [INFO] Booting worker with pid: 10663
[2024-06-22 15:56:55 +0000] [10670] [INFO] Booting worker with pid: 10670
[2024-06-22 15:56:55 +0000] [10672] [INFO] Booting worker with pid: 10672
[2024-06-22 15:56:55 +0000] [10677] [INFO] Booting worker with pid: 10677
[2024-06-22 15:56:55 +0000] [9823] [INFO] Handling signal: term
[2024-06-22 15:56:55 +0000] [10681] [INFO] Booting worker with pid: 10681
[2024-06-22 16:00:46 +0000] [1265] [INFO] Starting gunicorn 22.0.0
[2024-06-22 16:00:46 +0000] [1265] [INFO] Listening at: http://127.0.0.1:8001 (1265)
[2024-06-22 16:00:46 +0000] [1265] [INFO] Using worker: sync
[2024-06-22 16:00:46 +0000] [1286] [INFO] Booting worker with pid: 1286
[2024-06-22 16:00:46 +0000] [1287] [INFO] Booting worker with pid: 1287
[2024-06-22 16:00:46 +0000] [1288] [INFO] Booting worker with pid: 1288
[2024-06-22 16:00:46 +0000] [1289] [INFO] Booting worker with pid: 1289
[2024-06-22 16:00:46 +0000] [1290] [INFO] Booting worker with pid: 1290
[2024-06-22 16:00:46 +0000] [1291] [INFO] Booting worker with pid: 1291
[2024-06-22 16:00:46 +0000] [1292] [INFO] Booting worker with pid: 1292
[2024-06-22 16:00:46 +0000] [1293] [INFO] Booting worker with pid: 1293
[2024-06-22 16:00:46 +0000] [1294] [INFO] Booting worker with pid: 1294
